<?xml version="1.0" encoding="utf-8"?><testsuites name="pytest tests"><testsuite name="pytest" errors="0" failures="0" skipped="0" tests="9" time="0.736" timestamp="2025-11-24T22:14:47.110517+00:00" hostname="d99202dfe067"><testcase classname="tests.test_application" name="test_student_lifecycle_and_grade" time="0.007" /><testcase classname="tests.test_application" name="test_set_attendance_updates_student" time="0.001" /><testcase classname="tests.test_application" name="test_mappers" time="0.001" /><testcase classname="tests.test_grade_calculator" name="test_add_and_calculate_basic" time="0.001" /><testcase classname="tests.test_grade_calculator" name="test_attendance_penalty_applied" time="0.001" /><testcase classname="tests.test_grade_calculator" name="test_extra_points_when_all_years_true" time="0.001" /><testcase classname="tests.test_grade_calculator" name="test_max_evaluations_enforced" time="0.002" /><testcase classname="tests.test_grade_calculator" name="test_no_evaluations_error" time="0.001" /><testcase classname="tests.test_grade_calculator" name="test_custom_extra_points_per_student" time="0.001" /></testsuite></testsuites>