<?xml version="1.0" encoding="utf-8"?><testsuites name="pytest tests"><testsuite name="pytest" errors="0" failures="0" skipped="0" tests="10" time="0.654" timestamp="2025-11-21T05:06:32.694140+00:00" hostname="a01fe3b9b866"><testcase classname="tests.test_application" name="test_listar_personajes_devuelve_lista_vacia_si_no_hay_personajes" time="0.008" /><testcase classname="tests.test_application" name="test_listar_personajes_devuelve_personajes_existentes" time="0.001" /><testcase classname="tests.test_application" name="test_crear_personaje_con_nombre_vacio_lanza_error" time="0.003" /><testcase classname="tests.test_application" name="test_crear_personaje_exitosamente" time="0.001" /><testcase classname="tests.test_application" name="test_ver_comentarios_por_personaje_vacio" time="0.001" /><testcase classname="tests.test_application" name="test_ver_comentarios_por_personaje_existentes" time="0.001" /><testcase classname="tests.test_application" name="test_agregar_comentario_exitosamente" time="0.001" /><testcase classname="tests.test_application" name="test_agregar_comentario_con_autor_vacio_lanza_error" time="0.002" /><testcase classname="tests.test_application" name="test_agregar_comentario_con_texto_vacio_lanza_error" time="0.002" /><testcase classname="tests.test_application" name="test_agregar_comentario_a_personaje_inexistente_lanza_error" time="0.002" /></testsuite></testsuites>